{"/Users/olinilavanjayaraman/eRefs/eRefs/erefs-app/backend/src/app.js": {"path":"/Users/olinilavanjayaraman/eRefs/eRefs/erefs-app/backend/src/app.js","statementMap":{"0":{"start":{"line":1,"column":16},"end":{"line":1,"column":34}},"1":{"start":{"line":2,"column":13},"end":{"line":2,"column":28}},"2":{"start":{"line":4,"column":19},"end":{"line":4,"column":43}},"3":{"start":{"line":5,"column":23},"end":{"line":5,"column":52}},"4":{"start":{"line":6,"column":23},"end":{"line":6,"column":52}},"5":{"start":{"line":7,"column":21},"end":{"line":7,"column":48}},"6":{"start":{"line":8,"column":23},"end":{"line":8,"column":51}},"7":{"start":{"line":9,"column":23},"end":{"line":9,"column":51}},"8":{"start":{"line":10,"column":20},"end":{"line":10,"column":45}},"9":{"start":{"line":12,"column":12},"end":{"line":12,"column":21}},"10":{"start":{"line":14,"column":23},"end":{"line":17,"column":18}},"11":{"start":{"line":16,"column":12},"end":{"line":16,"column":20}},"12":{"start":{"line":19,"column":0},"end":{"line":27,"column":4}},"13":{"start":{"line":21,"column":4},"end":{"line":25,"column":5}},"14":{"start":{"line":21,"column":44},"end":{"line":21,"column":90}},"15":{"start":{"line":22,"column":6},"end":{"line":22,"column":27}},"16":{"start":{"line":24,"column":6},"end":{"line":24,"column":49}},"17":{"start":{"line":28,"column":0},"end":{"line":28,"column":24}},"18":{"start":{"line":30,"column":0},"end":{"line":30,"column":33}},"19":{"start":{"line":31,"column":0},"end":{"line":31,"column":42}},"20":{"start":{"line":32,"column":0},"end":{"line":32,"column":42}},"21":{"start":{"line":33,"column":0},"end":{"line":33,"column":38}},"22":{"start":{"line":34,"column":0},"end":{"line":34,"column":41}},"23":{"start":{"line":35,"column":0},"end":{"line":35,"column":41}},"24":{"start":{"line":36,"column":0},"end":{"line":36,"column":35}},"25":{"start":{"line":38,"column":0},"end":{"line":38,"column":61}},"26":{"start":{"line":38,"column":33},"end":{"line":38,"column":59}},"27":{"start":{"line":40,"column":0},"end":{"line":40,"column":21}}},"fnMap":{"0":{"name":"(anonymous_0)","decl":{"start":{"line":16,"column":7},"end":{"line":16,"column":8}},"loc":{"start":{"line":16,"column":12},"end":{"line":16,"column":20}},"line":16},"1":{"name":"(anonymous_1)","decl":{"start":{"line":20,"column":10},"end":{"line":20,"column":11}},"loc":{"start":{"line":20,"column":32},"end":{"line":26,"column":3}},"line":20},"2":{"name":"(anonymous_2)","decl":{"start":{"line":21,"column":39},"end":{"line":21,"column":40}},"loc":{"start":{"line":21,"column":44},"end":{"line":21,"column":90}},"line":21},"3":{"name":"(anonymous_3)","decl":{"start":{"line":38,"column":19},"end":{"line":38,"column":20}},"loc":{"start":{"line":38,"column":33},"end":{"line":38,"column":59}},"line":38}},"branchMap":{"0":{"loc":{"start":{"line":14,"column":24},"end":{"line":14,"column":54}},"type":"binary-expr","locations":[{"start":{"line":14,"column":24},"end":{"line":14,"column":48}},{"start":{"line":14,"column":52},"end":{"line":14,"column":54}}],"line":14},"1":{"loc":{"start":{"line":21,"column":4},"end":{"line":25,"column":5}},"type":"if","locations":[{"start":{"line":21,"column":4},"end":{"line":25,"column":5}},{"start":{"line":23,"column":11},"end":{"line":25,"column":5}}],"line":21},"2":{"loc":{"start":{"line":21,"column":8},"end":{"line":21,"column":91}},"type":"binary-expr","locations":[{"start":{"line":21,"column":8},"end":{"line":21,"column":15}},{"start":{"line":21,"column":19},"end":{"line":21,"column":91}}],"line":21},"3":{"loc":{"start":{"line":21,"column":44},"end":{"line":21,"column":90}},"type":"binary-expr","locations":[{"start":{"line":21,"column":44},"end":{"line":21,"column":56}},{"start":{"line":21,"column":60},"end":{"line":21,"column":90}}],"line":21}},"s":{"0":7,"1":7,"2":7,"3":7,"4":7,"5":7,"6":7,"7":7,"8":7,"9":7,"10":7,"11":7,"12":7,"13":49,"14":0,"15":49,"16":0,"17":7,"18":7,"19":7,"20":7,"21":7,"22":7,"23":7,"24":7,"25":7,"26":0,"27":7},"f":{"0":7,"1":49,"2":0,"3":0},"b":{"0":[7,0],"1":[49,0],"2":[49,0],"3":[0,0]},"_coverageSchema":"1a1c01bbd47fc00a2c39e90264f33305004495a9","hash":"39cf9ed779c2b31ce806522f6755a90bdc1bf965"}
,"/Users/olinilavanjayaraman/eRefs/eRefs/erefs-app/backend/src/db.js": {"path":"/Users/olinilavanjayaraman/eRefs/eRefs/erefs-app/backend/src/db.js","statementMap":{"0":{"start":{"line":1,"column":17},"end":{"line":1,"column":30}},"1":{"start":{"line":3,"column":13},"end":{"line":6,"column":2}},"2":{"start":{"line":8,"column":0},"end":{"line":8,"column":22}}},"fnMap":{},"branchMap":{"0":{"loc":{"start":{"line":5,"column":7},"end":{"line":5,"column":84}},"type":"cond-expr","locations":[{"start":{"line":5,"column":47},"end":{"line":5,"column":76}},{"start":{"line":5,"column":79},"end":{"line":5,"column":84}}],"line":5}},"s":{"0":7,"1":7,"2":7},"f":{},"b":{"0":[0,7]},"_coverageSchema":"1a1c01bbd47fc00a2c39e90264f33305004495a9","hash":"9d39724571279f9607a85c1038660037273f9360"}
,"/Users/olinilavanjayaraman/eRefs/eRefs/erefs-app/backend/src/middleware/auth.js": {"path":"/Users/olinilavanjayaraman/eRefs/eRefs/erefs-app/backend/src/middleware/auth.js","statementMap":{"0":{"start":{"line":1,"column":12},"end":{"line":1,"column":35}},"1":{"start":{"line":3,"column":0},"end":{"line":12,"column":2}},"2":{"start":{"line":4,"column":16},"end":{"line":4,"column":56}},"3":{"start":{"line":5,"column":2},"end":{"line":5,"column":69}},"4":{"start":{"line":5,"column":14},"end":{"line":5,"column":69}},"5":{"start":{"line":6,"column":2},"end":{"line":11,"column":3}},"6":{"start":{"line":7,"column":4},"end":{"line":7,"column":57}},"7":{"start":{"line":8,"column":4},"end":{"line":8,"column":11}},"8":{"start":{"line":10,"column":4},"end":{"line":10,"column":53}}},"fnMap":{"0":{"name":"(anonymous_0)","decl":{"start":{"line":3,"column":17},"end":{"line":3,"column":18}},"loc":{"start":{"line":3,"column":37},"end":{"line":12,"column":1}},"line":3}},"branchMap":{"0":{"loc":{"start":{"line":5,"column":2},"end":{"line":5,"column":69}},"type":"if","locations":[{"start":{"line":5,"column":2},"end":{"line":5,"column":69}},{"start":{},"end":{}}],"line":5}},"s":{"0":7,"1":7,"2":34,"3":34,"4":6,"5":28,"6":28,"7":28,"8":0},"f":{"0":34},"b":{"0":[6,28]},"_coverageSchema":"1a1c01bbd47fc00a2c39e90264f33305004495a9","hash":"e45cb7cc72d304f640c6ba4f5e9c6eb7d62c289d"}
,"/Users/olinilavanjayaraman/eRefs/eRefs/erefs-app/backend/src/routes/admin.js": {"path":"/Users/olinilavanjayaraman/eRefs/eRefs/erefs-app/backend/src/routes/admin.js","statementMap":{"0":{"start":{"line":1,"column":16},"end":{"line":1,"column":34}},"1":{"start":{"line":2,"column":11},"end":{"line":2,"column":27}},"2":{"start":{"line":3,"column":13},"end":{"line":3,"column":42}},"3":{"start":{"line":5,"column":15},"end":{"line":5,"column":31}},"4":{"start":{"line":8,"column":2},"end":{"line":8,"column":90}},"5":{"start":{"line":8,"column":26},"end":{"line":8,"column":90}},"6":{"start":{"line":9,"column":2},"end":{"line":9,"column":9}},"7":{"start":{"line":13,"column":0},"end":{"line":26,"column":3}},"8":{"start":{"line":14,"column":17},"end":{"line":24,"column":3}},"9":{"start":{"line":25,"column":2},"end":{"line":25,"column":24}},"10":{"start":{"line":29,"column":0},"end":{"line":42,"column":3}},"11":{"start":{"line":30,"column":17},"end":{"line":40,"column":3}},"12":{"start":{"line":41,"column":2},"end":{"line":41,"column":24}},"13":{"start":{"line":45,"column":0},"end":{"line":70,"column":3}},"14":{"start":{"line":46,"column":67},"end":{"line":46,"column":75}},"15":{"start":{"line":47,"column":17},"end":{"line":47,"column":35}},"16":{"start":{"line":48,"column":2},"end":{"line":69,"column":3}},"17":{"start":{"line":49,"column":4},"end":{"line":49,"column":32}},"18":{"start":{"line":50,"column":22},"end":{"line":54,"column":5}},"19":{"start":{"line":55,"column":28},"end":{"line":55,"column":45}},"20":{"start":{"line":56,"column":4},"end":{"line":61,"column":5}},"21":{"start":{"line":57,"column":6},"end":{"line":60,"column":8}},"22":{"start":{"line":62,"column":4},"end":{"line":62,"column":33}},"23":{"start":{"line":63,"column":4},"end":{"line":63,"column":30}},"24":{"start":{"line":65,"column":4},"end":{"line":65,"column":35}},"25":{"start":{"line":66,"column":4},"end":{"line":66,"column":49}},"26":{"start":{"line":68,"column":4},"end":{"line":68,"column":21}},"27":{"start":{"line":73,"column":0},"end":{"line":83,"column":3}},"28":{"start":{"line":74,"column":17},"end":{"line":81,"column":4}},"29":{"start":{"line":82,"column":2},"end":{"line":82,"column":27}},"30":{"start":{"line":85,"column":0},"end":{"line":85,"column":24}}},"fnMap":{"0":{"name":"adminOnly","decl":{"start":{"line":7,"column":9},"end":{"line":7,"column":18}},"loc":{"start":{"line":7,"column":35},"end":{"line":10,"column":1}},"line":7},"1":{"name":"(anonymous_1)","decl":{"start":{"line":13,"column":42},"end":{"line":13,"column":43}},"loc":{"start":{"line":13,"column":62},"end":{"line":26,"column":1}},"line":13},"2":{"name":"(anonymous_2)","decl":{"start":{"line":29,"column":57},"end":{"line":29,"column":58}},"loc":{"start":{"line":29,"column":77},"end":{"line":42,"column":1}},"line":29},"3":{"name":"(anonymous_3)","decl":{"start":{"line":45,"column":57},"end":{"line":45,"column":58}},"loc":{"start":{"line":45,"column":77},"end":{"line":70,"column":1}},"line":45},"4":{"name":"(anonymous_4)","decl":{"start":{"line":73,"column":38},"end":{"line":73,"column":39}},"loc":{"start":{"line":73,"column":58},"end":{"line":83,"column":1}},"line":73}},"branchMap":{"0":{"loc":{"start":{"line":8,"column":2},"end":{"line":8,"column":90}},"type":"if","locations":[{"start":{"line":8,"column":2},"end":{"line":8,"column":90}},{"start":{},"end":{}}],"line":8},"1":{"loc":{"start":{"line":53,"column":22},"end":{"line":53,"column":43}},"type":"binary-expr","locations":[{"start":{"line":53,"column":22},"end":{"line":53,"column":35}},{"start":{"line":53,"column":39},"end":{"line":53,"column":43}}],"line":53},"2":{"loc":{"start":{"line":53,"column":45},"end":{"line":53,"column":67}},"type":"binary-expr","locations":[{"start":{"line":53,"column":45},"end":{"line":53,"column":59}},{"start":{"line":53,"column":63},"end":{"line":53,"column":67}}],"line":53},"3":{"loc":{"start":{"line":53,"column":69},"end":{"line":53,"column":87}},"type":"binary-expr","locations":[{"start":{"line":53,"column":69},"end":{"line":53,"column":79}},{"start":{"line":53,"column":83},"end":{"line":53,"column":87}}],"line":53}},"s":{"0":7,"1":7,"2":7,"3":7,"4":5,"5":1,"6":4,"7":7,"8":1,"9":1,"10":7,"11":1,"12":1,"13":7,"14":1,"15":1,"16":1,"17":1,"18":1,"19":1,"20":1,"21":1,"22":1,"23":1,"24":0,"25":0,"26":1,"27":7,"28":1,"29":1,"30":7},"f":{"0":5,"1":1,"2":1,"3":1,"4":1},"b":{"0":[1,4],"1":[1,0],"2":[1,1],"3":[1,0]},"_coverageSchema":"1a1c01bbd47fc00a2c39e90264f33305004495a9","hash":"e74cae3ef3eedf7afc858eb26d8d6157b2bf602c"}
,"/Users/olinilavanjayaraman/eRefs/eRefs/erefs-app/backend/src/routes/auth.js": {"path":"/Users/olinilavanjayaraman/eRefs/eRefs/erefs-app/backend/src/routes/auth.js","statementMap":{"0":{"start":{"line":1,"column":16},"end":{"line":1,"column":34}},"1":{"start":{"line":2,"column":15},"end":{"line":2,"column":34}},"2":{"start":{"line":3,"column":12},"end":{"line":3,"column":35}},"3":{"start":{"line":4,"column":11},"end":{"line":4,"column":27}},"4":{"start":{"line":6,"column":15},"end":{"line":6,"column":31}},"5":{"start":{"line":9,"column":0},"end":{"line":26,"column":3}},"6":{"start":{"line":10,"column":76},"end":{"line":10,"column":84}},"7":{"start":{"line":11,"column":2},"end":{"line":11,"column":103}},"8":{"start":{"line":11,"column":22},"end":{"line":11,"column":103}},"9":{"start":{"line":12,"column":2},"end":{"line":25,"column":3}},"10":{"start":{"line":13,"column":17},"end":{"line":13,"column":48}},"11":{"start":{"line":14,"column":19},"end":{"line":18,"column":5}},"12":{"start":{"line":19,"column":17},"end":{"line":19,"column":31}},"13":{"start":{"line":20,"column":18},"end":{"line":20,"column":156}},"14":{"start":{"line":21,"column":4},"end":{"line":21,"column":30}},"15":{"start":{"line":23,"column":4},"end":{"line":23,"column":93}},"16":{"start":{"line":23,"column":30},"end":{"line":23,"column":93}},"17":{"start":{"line":24,"column":4},"end":{"line":24,"column":49}},"18":{"start":{"line":29,"column":0},"end":{"line":42,"column":3}},"19":{"start":{"line":30,"column":30},"end":{"line":30,"column":38}},"20":{"start":{"line":31,"column":2},"end":{"line":41,"column":3}},"21":{"start":{"line":32,"column":19},"end":{"line":32,"column":82}},"22":{"start":{"line":33,"column":17},"end":{"line":33,"column":31}},"23":{"start":{"line":34,"column":4},"end":{"line":36,"column":5}},"24":{"start":{"line":35,"column":6},"end":{"line":35,"column":68}},"25":{"start":{"line":37,"column":18},"end":{"line":37,"column":156}},"26":{"start":{"line":38,"column":4},"end":{"line":38,"column":134}},"27":{"start":{"line":40,"column":4},"end":{"line":40,"column":49}},"28":{"start":{"line":44,"column":0},"end":{"line":44,"column":24}}},"fnMap":{"0":{"name":"(anonymous_0)","decl":{"start":{"line":9,"column":25},"end":{"line":9,"column":26}},"loc":{"start":{"line":9,"column":45},"end":{"line":26,"column":1}},"line":9},"1":{"name":"(anonymous_1)","decl":{"start":{"line":29,"column":22},"end":{"line":29,"column":23}},"loc":{"start":{"line":29,"column":42},"end":{"line":42,"column":1}},"line":29}},"branchMap":{"0":{"loc":{"start":{"line":11,"column":2},"end":{"line":11,"column":103}},"type":"if","locations":[{"start":{"line":11,"column":2},"end":{"line":11,"column":103}},{"start":{},"end":{}}],"line":11},"1":{"loc":{"start":{"line":17,"column":32},"end":{"line":17,"column":47}},"type":"binary-expr","locations":[{"start":{"line":17,"column":32},"end":{"line":17,"column":39}},{"start":{"line":17,"column":43},"end":{"line":17,"column":47}}],"line":17},"2":{"loc":{"start":{"line":17,"column":49},"end":{"line":17,"column":65}},"type":"binary-expr","locations":[{"start":{"line":17,"column":49},"end":{"line":17,"column":57}},{"start":{"line":17,"column":61},"end":{"line":17,"column":65}}],"line":17},"3":{"loc":{"start":{"line":20,"column":86},"end":{"line":20,"column":108}},"type":"binary-expr","locations":[{"start":{"line":20,"column":86},"end":{"line":20,"column":99}},{"start":{"line":20,"column":103},"end":{"line":20,"column":108}}],"line":20},"4":{"loc":{"start":{"line":23,"column":4},"end":{"line":23,"column":93}},"type":"if","locations":[{"start":{"line":23,"column":4},"end":{"line":23,"column":93}},{"start":{},"end":{}}],"line":23},"5":{"loc":{"start":{"line":34,"column":4},"end":{"line":36,"column":5}},"type":"if","locations":[{"start":{"line":34,"column":4},"end":{"line":36,"column":5}},{"start":{},"end":{}}],"line":34},"6":{"loc":{"start":{"line":34,"column":8},"end":{"line":34,"column":70}},"type":"binary-expr","locations":[{"start":{"line":34,"column":8},"end":{"line":34,"column":13}},{"start":{"line":34,"column":17},"end":{"line":34,"column":70}}],"line":34},"7":{"loc":{"start":{"line":37,"column":86},"end":{"line":37,"column":108}},"type":"binary-expr","locations":[{"start":{"line":37,"column":86},"end":{"line":37,"column":99}},{"start":{"line":37,"column":103},"end":{"line":37,"column":108}}],"line":37},"8":{"loc":{"start":{"line":38,"column":106},"end":{"line":38,"column":128}},"type":"binary-expr","locations":[{"start":{"line":38,"column":106},"end":{"line":38,"column":119}},{"start":{"line":38,"column":123},"end":{"line":38,"column":128}}],"line":38}},"s":{"0":7,"1":7,"2":7,"3":7,"4":7,"5":7,"6":3,"7":3,"8":1,"9":2,"10":2,"11":2,"12":1,"13":1,"14":1,"15":1,"16":1,"17":0,"18":7,"19":3,"20":3,"21":3,"22":3,"23":3,"24":2,"25":1,"26":1,"27":0,"28":7},"f":{"0":3,"1":3},"b":{"0":[1,2],"1":[2,0],"2":[2,2],"3":[1,1],"4":[1,0],"5":[2,1],"6":[3,2],"7":[1,1],"8":[1,1]},"_coverageSchema":"1a1c01bbd47fc00a2c39e90264f33305004495a9","hash":"a88fb3eb1cb8e84515883f4015c75619f519bc48"}
,"/Users/olinilavanjayaraman/eRefs/eRefs/erefs-app/backend/src/routes/employer.js": {"path":"/Users/olinilavanjayaraman/eRefs/eRefs/erefs-app/backend/src/routes/employer.js","statementMap":{"0":{"start":{"line":1,"column":16},"end":{"line":1,"column":34}},"1":{"start":{"line":2,"column":11},"end":{"line":2,"column":27}},"2":{"start":{"line":3,"column":13},"end":{"line":3,"column":42}},"3":{"start":{"line":5,"column":15},"end":{"line":5,"column":31}},"4":{"start":{"line":8,"column":0},"end":{"line":23,"column":3}},"5":{"start":{"line":9,"column":2},"end":{"line":9,"column":88}},"6":{"start":{"line":9,"column":36},"end":{"line":9,"column":88}},"7":{"start":{"line":10,"column":19},"end":{"line":10,"column":48}},"8":{"start":{"line":11,"column":17},"end":{"line":21,"column":3}},"9":{"start":{"line":22,"column":2},"end":{"line":22,"column":24}},"10":{"start":{"line":26,"column":0},"end":{"line":35,"column":3}},"11":{"start":{"line":27,"column":2},"end":{"line":27,"column":88}},"12":{"start":{"line":27,"column":36},"end":{"line":27,"column":88}},"13":{"start":{"line":28,"column":17},"end":{"line":32,"column":3}},"14":{"start":{"line":33,"column":2},"end":{"line":33,"column":79}},"15":{"start":{"line":33,"column":27},"end":{"line":33,"column":79}},"16":{"start":{"line":34,"column":2},"end":{"line":34,"column":30}},"17":{"start":{"line":38,"column":0},"end":{"line":47,"column":3}},"18":{"start":{"line":39,"column":2},"end":{"line":39,"column":88}},"19":{"start":{"line":39,"column":36},"end":{"line":39,"column":88}},"20":{"start":{"line":40,"column":17},"end":{"line":44,"column":3}},"21":{"start":{"line":45,"column":2},"end":{"line":45,"column":79}},"22":{"start":{"line":45,"column":27},"end":{"line":45,"column":79}},"23":{"start":{"line":46,"column":2},"end":{"line":46,"column":30}},"24":{"start":{"line":50,"column":0},"end":{"line":59,"column":3}},"25":{"start":{"line":51,"column":2},"end":{"line":51,"column":88}},"26":{"start":{"line":51,"column":36},"end":{"line":51,"column":88}},"27":{"start":{"line":52,"column":17},"end":{"line":56,"column":3}},"28":{"start":{"line":57,"column":2},"end":{"line":57,"column":109}},"29":{"start":{"line":57,"column":27},"end":{"line":57,"column":109}},"30":{"start":{"line":58,"column":2},"end":{"line":58,"column":30}},"31":{"start":{"line":62,"column":0},"end":{"line":69,"column":3}},"32":{"start":{"line":63,"column":2},"end":{"line":63,"column":88}},"33":{"start":{"line":63,"column":36},"end":{"line":63,"column":88}},"34":{"start":{"line":64,"column":17},"end":{"line":67,"column":3}},"35":{"start":{"line":68,"column":2},"end":{"line":68,"column":24}},"36":{"start":{"line":72,"column":0},"end":{"line":80,"column":3}},"37":{"start":{"line":73,"column":2},"end":{"line":73,"column":88}},"38":{"start":{"line":73,"column":36},"end":{"line":73,"column":88}},"39":{"start":{"line":74,"column":33},"end":{"line":74,"column":41}},"40":{"start":{"line":75,"column":17},"end":{"line":78,"column":3}},"41":{"start":{"line":79,"column":2},"end":{"line":79,"column":27}},"42":{"start":{"line":82,"column":0},"end":{"line":82,"column":24}}},"fnMap":{"0":{"name":"(anonymous_0)","decl":{"start":{"line":8,"column":32},"end":{"line":8,"column":33}},"loc":{"start":{"line":8,"column":52},"end":{"line":23,"column":1}},"line":8},"1":{"name":"(anonymous_1)","decl":{"start":{"line":26,"column":46},"end":{"line":26,"column":47}},"loc":{"start":{"line":26,"column":66},"end":{"line":35,"column":1}},"line":26},"2":{"name":"(anonymous_2)","decl":{"start":{"line":38,"column":48},"end":{"line":38,"column":49}},"loc":{"start":{"line":38,"column":68},"end":{"line":47,"column":1}},"line":38},"3":{"name":"(anonymous_3)","decl":{"start":{"line":50,"column":39},"end":{"line":50,"column":40}},"loc":{"start":{"line":50,"column":59},"end":{"line":59,"column":1}},"line":50},"4":{"name":"(anonymous_4)","decl":{"start":{"line":62,"column":26},"end":{"line":62,"column":27}},"loc":{"start":{"line":62,"column":46},"end":{"line":69,"column":1}},"line":62},"5":{"name":"(anonymous_5)","decl":{"start":{"line":72,"column":27},"end":{"line":72,"column":28}},"loc":{"start":{"line":72,"column":47},"end":{"line":80,"column":1}},"line":72}},"branchMap":{"0":{"loc":{"start":{"line":9,"column":2},"end":{"line":9,"column":88}},"type":"if","locations":[{"start":{"line":9,"column":2},"end":{"line":9,"column":88}},{"start":{},"end":{}}],"line":9},"1":{"loc":{"start":{"line":17,"column":56},"end":{"line":17,"column":86}},"type":"cond-expr","locations":[{"start":{"line":17,"column":67},"end":{"line":17,"column":77}},{"start":{"line":17,"column":80},"end":{"line":17,"column":86}}],"line":17},"2":{"loc":{"start":{"line":19,"column":16},"end":{"line":19,"column":61}},"type":"cond-expr","locations":[{"start":{"line":19,"column":27},"end":{"line":19,"column":43}},{"start":{"line":19,"column":46},"end":{"line":19,"column":61}}],"line":19},"3":{"loc":{"start":{"line":27,"column":2},"end":{"line":27,"column":88}},"type":"if","locations":[{"start":{"line":27,"column":2},"end":{"line":27,"column":88}},{"start":{},"end":{}}],"line":27},"4":{"loc":{"start":{"line":33,"column":2},"end":{"line":33,"column":79}},"type":"if","locations":[{"start":{"line":33,"column":2},"end":{"line":33,"column":79}},{"start":{},"end":{}}],"line":33},"5":{"loc":{"start":{"line":39,"column":2},"end":{"line":39,"column":88}},"type":"if","locations":[{"start":{"line":39,"column":2},"end":{"line":39,"column":88}},{"start":{},"end":{}}],"line":39},"6":{"loc":{"start":{"line":45,"column":2},"end":{"line":45,"column":79}},"type":"if","locations":[{"start":{"line":45,"column":2},"end":{"line":45,"column":79}},{"start":{},"end":{}}],"line":45},"7":{"loc":{"start":{"line":51,"column":2},"end":{"line":51,"column":88}},"type":"if","locations":[{"start":{"line":51,"column":2},"end":{"line":51,"column":88}},{"start":{},"end":{}}],"line":51},"8":{"loc":{"start":{"line":57,"column":2},"end":{"line":57,"column":109}},"type":"if","locations":[{"start":{"line":57,"column":2},"end":{"line":57,"column":109}},{"start":{},"end":{}}],"line":57},"9":{"loc":{"start":{"line":63,"column":2},"end":{"line":63,"column":88}},"type":"if","locations":[{"start":{"line":63,"column":2},"end":{"line":63,"column":88}},{"start":{},"end":{}}],"line":63},"10":{"loc":{"start":{"line":73,"column":2},"end":{"line":73,"column":88}},"type":"if","locations":[{"start":{"line":73,"column":2},"end":{"line":73,"column":88}},{"start":{},"end":{}}],"line":73}},"s":{"0":7,"1":7,"2":7,"3":7,"4":7,"5":3,"6":1,"7":2,"8":2,"9":2,"10":7,"11":2,"12":0,"13":2,"14":2,"15":1,"16":1,"17":7,"18":2,"19":0,"20":2,"21":2,"22":1,"23":1,"24":7,"25":3,"26":1,"27":2,"28":2,"29":1,"30":1,"31":7,"32":0,"33":0,"34":0,"35":0,"36":7,"37":0,"38":0,"39":0,"40":0,"41":0,"42":7},"f":{"0":3,"1":2,"2":2,"3":3,"4":0,"5":0},"b":{"0":[1,2],"1":[1,1],"2":[1,1],"3":[0,2],"4":[1,1],"5":[0,2],"6":[1,1],"7":[1,2],"8":[1,1],"9":[0,0],"10":[0,0]},"_coverageSchema":"1a1c01bbd47fc00a2c39e90264f33305004495a9","hash":"a0f523d830833c771477bf28d75f2e5b4cbdbe7b"}
,"/Users/olinilavanjayaraman/eRefs/eRefs/erefs-app/backend/src/routes/referrals.js": {"path":"/Users/olinilavanjayaraman/eRefs/eRefs/erefs-app/backend/src/routes/referrals.js","statementMap":{"0":{"start":{"line":1,"column":16},"end":{"line":1,"column":34}},"1":{"start":{"line":2,"column":11},"end":{"line":2,"column":27}},"2":{"start":{"line":3,"column":13},"end":{"line":3,"column":42}},"3":{"start":{"line":4,"column":31},"end":{"line":4,"column":59}},"4":{"start":{"line":5,"column":23},"end":{"line":5,"column":38}},"5":{"start":{"line":7,"column":15},"end":{"line":7,"column":31}},"6":{"start":{"line":9,"column":25},"end":{"line":13,"column":2}},"7":{"start":{"line":16,"column":17},"end":{"line":16,"column":51}},"8":{"start":{"line":17,"column":2},"end":{"line":17,"column":55}},"9":{"start":{"line":21,"column":17},"end":{"line":21,"column":95}},"10":{"start":{"line":22,"column":2},"end":{"line":22,"column":55}},"11":{"start":{"line":22,"column":43},"end":{"line":22,"column":55}},"12":{"start":{"line":23,"column":19},"end":{"line":23,"column":49}},"13":{"start":{"line":24,"column":2},"end":{"line":26,"column":11}},"14":{"start":{"line":30,"column":0},"end":{"line":64,"column":3}},"15":{"start":{"line":31,"column":74},"end":{"line":31,"column":82}},"16":{"start":{"line":32,"column":22},"end":{"line":32,"column":98}},"17":{"start":{"line":32,"column":89},"end":{"line":32,"column":96}},"18":{"start":{"line":33,"column":2},"end":{"line":33,"column":71}},"19":{"start":{"line":33,"column":19},"end":{"line":33,"column":71}},"20":{"start":{"line":34,"column":17},"end":{"line":34,"column":35}},"21":{"start":{"line":35,"column":2},"end":{"line":63,"column":3}},"22":{"start":{"line":36,"column":4},"end":{"line":36,"column":32}},"23":{"start":{"line":38,"column":22},"end":{"line":42,"column":5}},"24":{"start":{"line":43,"column":28},"end":{"line":43,"column":45}},"25":{"start":{"line":45,"column":29},"end":{"line":45,"column":31}},"26":{"start":{"line":46,"column":4},"end":{"line":54,"column":5}},"27":{"start":{"line":47,"column":24},"end":{"line":50,"column":7}},"28":{"start":{"line":51,"column":23},"end":{"line":51,"column":40}},"29":{"start":{"line":52,"column":6},"end":{"line":52,"column":38}},"30":{"start":{"line":53,"column":6},"end":{"line":53,"column":68}},"31":{"start":{"line":56,"column":4},"end":{"line":56,"column":33}},"32":{"start":{"line":57,"column":4},"end":{"line":57,"column":63}},"33":{"start":{"line":59,"column":4},"end":{"line":59,"column":35}},"34":{"start":{"line":60,"column":4},"end":{"line":60,"column":49}},"35":{"start":{"line":62,"column":4},"end":{"line":62,"column":21}},"36":{"start":{"line":67,"column":0},"end":{"line":80,"column":3}},"37":{"start":{"line":68,"column":17},"end":{"line":78,"column":3}},"38":{"start":{"line":79,"column":2},"end":{"line":79,"column":24}},"39":{"start":{"line":83,"column":0},"end":{"line":96,"column":3}},"40":{"start":{"line":84,"column":17},"end":{"line":93,"column":3}},"41":{"start":{"line":94,"column":2},"end":{"line":94,"column":79}},"42":{"start":{"line":94,"column":27},"end":{"line":94,"column":79}},"43":{"start":{"line":95,"column":2},"end":{"line":95,"column":24}},"44":{"start":{"line":99,"column":0},"end":{"line":123,"column":3}},"45":{"start":{"line":100,"column":26},"end":{"line":100,"column":34}},"46":{"start":{"line":101,"column":2},"end":{"line":101,"column":93}},"47":{"start":{"line":101,"column":23},"end":{"line":101,"column":93}},"48":{"start":{"line":103,"column":21},"end":{"line":106,"column":3}},"49":{"start":{"line":107,"column":2},"end":{"line":107,"column":83}},"50":{"start":{"line":107,"column":31},"end":{"line":107,"column":83}},"51":{"start":{"line":109,"column":22},"end":{"line":109,"column":70}},"52":{"start":{"line":110,"column":2},"end":{"line":110,"column":71}},"53":{"start":{"line":110,"column":19},"end":{"line":110,"column":71}},"54":{"start":{"line":112,"column":17},"end":{"line":115,"column":3}},"55":{"start":{"line":116,"column":19},"end":{"line":116,"column":33}},"56":{"start":{"line":118,"column":19},"end":{"line":118,"column":99}},"57":{"start":{"line":119,"column":20},"end":{"line":119,"column":86}},"58":{"start":{"line":120,"column":2},"end":{"line":120,"column":74}},"59":{"start":{"line":122,"column":2},"end":{"line":122,"column":21}},"60":{"start":{"line":125,"column":0},"end":{"line":125,"column":24}}},"fnMap":{"0":{"name":"isPersonalEmail","decl":{"start":{"line":15,"column":9},"end":{"line":15,"column":24}},"loc":{"start":{"line":15,"column":32},"end":{"line":18,"column":1}},"line":15},"1":{"name":"checkWorkEmailPolicy","decl":{"start":{"line":20,"column":15},"end":{"line":20,"column":35}},"loc":{"start":{"line":20,"column":52},"end":{"line":27,"column":1}},"line":20},"2":{"name":"(anonymous_2)","decl":{"start":{"line":30,"column":23},"end":{"line":30,"column":24}},"loc":{"start":{"line":30,"column":43},"end":{"line":64,"column":1}},"line":30},"3":{"name":"(anonymous_3)","decl":{"start":{"line":32,"column":84},"end":{"line":32,"column":85}},"loc":{"start":{"line":32,"column":89},"end":{"line":32,"column":96}},"line":32},"4":{"name":"(anonymous_4)","decl":{"start":{"line":67,"column":22},"end":{"line":67,"column":23}},"loc":{"start":{"line":67,"column":42},"end":{"line":80,"column":1}},"line":67},"5":{"name":"(anonymous_5)","decl":{"start":{"line":83,"column":25},"end":{"line":83,"column":26}},"loc":{"start":{"line":83,"column":45},"end":{"line":96,"column":1}},"line":83},"6":{"name":"(anonymous_6)","decl":{"start":{"line":99,"column":36},"end":{"line":99,"column":37}},"loc":{"start":{"line":99,"column":56},"end":{"line":123,"column":1}},"line":99}},"branchMap":{"0":{"loc":{"start":{"line":17,"column":9},"end":{"line":17,"column":54}},"type":"cond-expr","locations":[{"start":{"line":17,"column":18},"end":{"line":17,"column":46}},{"start":{"line":17,"column":49},"end":{"line":17,"column":54}}],"line":17},"1":{"loc":{"start":{"line":22,"column":2},"end":{"line":22,"column":55}},"type":"if","locations":[{"start":{"line":22,"column":2},"end":{"line":22,"column":55}},{"start":{},"end":{}}],"line":22},"2":{"loc":{"start":{"line":24,"column":9},"end":{"line":26,"column":10}},"type":"cond-expr","locations":[{"start":{"line":25,"column":6},"end":{"line":25,"column":79}},{"start":{"line":26,"column":6},"end":{"line":26,"column":10}}],"line":24},"3":{"loc":{"start":{"line":32,"column":63},"end":{"line":32,"column":78}},"type":"binary-expr","locations":[{"start":{"line":32,"column":63},"end":{"line":32,"column":72}},{"start":{"line":32,"column":76},"end":{"line":32,"column":78}}],"line":32},"4":{"loc":{"start":{"line":33,"column":2},"end":{"line":33,"column":71}},"type":"if","locations":[{"start":{"line":33,"column":2},"end":{"line":33,"column":71}},{"start":{},"end":{}}],"line":33},"5":{"loc":{"start":{"line":41,"column":35},"end":{"line":41,"column":56}},"type":"binary-expr","locations":[{"start":{"line":41,"column":35},"end":{"line":41,"column":48}},{"start":{"line":41,"column":52},"end":{"line":41,"column":56}}],"line":41},"6":{"loc":{"start":{"line":41,"column":58},"end":{"line":41,"column":80}},"type":"binary-expr","locations":[{"start":{"line":41,"column":58},"end":{"line":41,"column":72}},{"start":{"line":41,"column":76},"end":{"line":41,"column":80}}],"line":41},"7":{"loc":{"start":{"line":41,"column":82},"end":{"line":41,"column":95}},"type":"binary-expr","locations":[{"start":{"line":41,"column":82},"end":{"line":41,"column":87}},{"start":{"line":41,"column":91},"end":{"line":41,"column":95}}],"line":41},"8":{"loc":{"start":{"line":41,"column":97},"end":{"line":41,"column":115}},"type":"binary-expr","locations":[{"start":{"line":41,"column":97},"end":{"line":41,"column":107}},{"start":{"line":41,"column":111},"end":{"line":41,"column":115}}],"line":41},"9":{"loc":{"start":{"line":94,"column":2},"end":{"line":94,"column":79}},"type":"if","locations":[{"start":{"line":94,"column":2},"end":{"line":94,"column":79}},{"start":{},"end":{}}],"line":94},"10":{"loc":{"start":{"line":101,"column":2},"end":{"line":101,"column":93}},"type":"if","locations":[{"start":{"line":101,"column":2},"end":{"line":101,"column":93}},{"start":{},"end":{}}],"line":101},"11":{"loc":{"start":{"line":101,"column":6},"end":{"line":101,"column":21}},"type":"binary-expr","locations":[{"start":{"line":101,"column":6},"end":{"line":101,"column":11}},{"start":{"line":101,"column":15},"end":{"line":101,"column":21}}],"line":101},"12":{"loc":{"start":{"line":107,"column":2},"end":{"line":107,"column":83}},"type":"if","locations":[{"start":{"line":107,"column":2},"end":{"line":107,"column":83}},{"start":{},"end":{}}],"line":107},"13":{"loc":{"start":{"line":110,"column":2},"end":{"line":110,"column":71}},"type":"if","locations":[{"start":{"line":110,"column":2},"end":{"line":110,"column":71}},{"start":{},"end":{}}],"line":110}},"s":{"0":7,"1":7,"2":7,"3":7,"4":7,"5":7,"6":7,"7":2,"8":2,"9":4,"10":4,"11":2,"12":2,"13":2,"14":7,"15":2,"16":2,"17":2,"18":2,"19":1,"20":1,"21":1,"22":1,"23":1,"24":1,"25":1,"26":1,"27":1,"28":1,"29":1,"30":1,"31":1,"32":1,"33":0,"34":0,"35":1,"36":7,"37":1,"38":1,"39":7,"40":2,"41":2,"42":1,"43":1,"44":7,"45":3,"46":3,"47":1,"48":2,"49":2,"50":0,"51":2,"52":2,"53":1,"54":1,"55":1,"56":1,"57":1,"58":1,"59":1,"60":7},"f":{"0":2,"1":4,"2":2,"3":2,"4":1,"5":2,"6":3},"b":{"0":[2,0],"1":[2,2],"2":[2,0],"3":[2,0],"4":[1,1],"5":[1,0],"6":[1,1],"7":[1,1],"8":[1,0],"9":[1,1],"10":[1,2],"11":[3,3],"12":[0,2],"13":[1,1]},"_coverageSchema":"1a1c01bbd47fc00a2c39e90264f33305004495a9","hash":"6c719f6fa61c65f2413a06d4b6164276a4852c77"}
,"/Users/olinilavanjayaraman/eRefs/eRefs/erefs-app/backend/src/routes/referrers.js": {"path":"/Users/olinilavanjayaraman/eRefs/eRefs/erefs-app/backend/src/routes/referrers.js","statementMap":{"0":{"start":{"line":1,"column":16},"end":{"line":1,"column":34}},"1":{"start":{"line":2,"column":11},"end":{"line":2,"column":27}},"2":{"start":{"line":3,"column":27},"end":{"line":3,"column":53}},"3":{"start":{"line":5,"column":15},"end":{"line":5,"column":31}},"4":{"start":{"line":7,"column":16},"end":{"line":7,"column":81}},"5":{"start":{"line":10,"column":0},"end":{"line":22,"column":3}},"6":{"start":{"line":11,"column":2},"end":{"line":11,"column":105}},"7":{"start":{"line":11,"column":39},"end":{"line":11,"column":105}},"8":{"start":{"line":12,"column":17},"end":{"line":18,"column":3}},"9":{"start":{"line":19,"column":2},"end":{"line":19,"column":93}},"10":{"start":{"line":19,"column":27},"end":{"line":19,"column":93}},"11":{"start":{"line":20,"column":2},"end":{"line":20,"column":95}},"12":{"start":{"line":20,"column":35},"end":{"line":20,"column":95}},"13":{"start":{"line":21,"column":2},"end":{"line":21,"column":27}},"14":{"start":{"line":25,"column":0},"end":{"line":74,"column":3}},"15":{"start":{"line":26,"column":2},"end":{"line":26,"column":105}},"16":{"start":{"line":26,"column":39},"end":{"line":26,"column":105}},"17":{"start":{"line":27,"column":22},"end":{"line":27,"column":30}},"18":{"start":{"line":28,"column":17},"end":{"line":28,"column":35}},"19":{"start":{"line":29,"column":2},"end":{"line":73,"column":3}},"20":{"start":{"line":30,"column":22},"end":{"line":36,"column":5}},"21":{"start":{"line":37,"column":4},"end":{"line":37,"column":113}},"22":{"start":{"line":37,"column":32},"end":{"line":37,"column":113}},"23":{"start":{"line":38,"column":21},"end":{"line":38,"column":38}},"24":{"start":{"line":40,"column":4},"end":{"line":40,"column":32}},"25":{"start":{"line":41,"column":4},"end":{"line":46,"column":5}},"26":{"start":{"line":42,"column":6},"end":{"line":45,"column":8}},"27":{"start":{"line":47,"column":4},"end":{"line":47,"column":97}},"28":{"start":{"line":48,"column":4},"end":{"line":48,"column":33}},"29":{"start":{"line":51,"column":4},"end":{"line":53,"column":7}},"30":{"start":{"line":52,"column":6},"end":{"line":52,"column":60}},"31":{"start":{"line":56,"column":26},"end":{"line":59,"column":5}},"32":{"start":{"line":60,"column":4},"end":{"line":65,"column":5}},"33":{"start":{"line":61,"column":6},"end":{"line":64,"column":8}},"34":{"start":{"line":67,"column":4},"end":{"line":67,"column":32}},"35":{"start":{"line":69,"column":4},"end":{"line":69,"column":35}},"36":{"start":{"line":70,"column":4},"end":{"line":70,"column":49}},"37":{"start":{"line":72,"column":4},"end":{"line":72,"column":21}},"38":{"start":{"line":76,"column":0},"end":{"line":76,"column":24}}},"fnMap":{"0":{"name":"(anonymous_0)","decl":{"start":{"line":10,"column":22},"end":{"line":10,"column":23}},"loc":{"start":{"line":10,"column":42},"end":{"line":22,"column":1}},"line":10},"1":{"name":"(anonymous_1)","decl":{"start":{"line":25,"column":30},"end":{"line":25,"column":31}},"loc":{"start":{"line":25,"column":50},"end":{"line":74,"column":1}},"line":25},"2":{"name":"(anonymous_2)","decl":{"start":{"line":51,"column":38},"end":{"line":51,"column":39}},"loc":{"start":{"line":51,"column":47},"end":{"line":53,"column":5}},"line":51}},"branchMap":{"0":{"loc":{"start":{"line":11,"column":2},"end":{"line":11,"column":105}},"type":"if","locations":[{"start":{"line":11,"column":2},"end":{"line":11,"column":105}},{"start":{},"end":{}}],"line":11},"1":{"loc":{"start":{"line":19,"column":2},"end":{"line":19,"column":93}},"type":"if","locations":[{"start":{"line":19,"column":2},"end":{"line":19,"column":93}},{"start":{},"end":{}}],"line":19},"2":{"loc":{"start":{"line":20,"column":2},"end":{"line":20,"column":95}},"type":"if","locations":[{"start":{"line":20,"column":2},"end":{"line":20,"column":95}},{"start":{},"end":{}}],"line":20},"3":{"loc":{"start":{"line":26,"column":2},"end":{"line":26,"column":105}},"type":"if","locations":[{"start":{"line":26,"column":2},"end":{"line":26,"column":105}},{"start":{},"end":{}}],"line":26},"4":{"loc":{"start":{"line":37,"column":4},"end":{"line":37,"column":113}},"type":"if","locations":[{"start":{"line":37,"column":4},"end":{"line":37,"column":113}},{"start":{},"end":{}}],"line":37},"5":{"loc":{"start":{"line":44,"column":40},"end":{"line":44,"column":60}},"type":"binary-expr","locations":[{"start":{"line":44,"column":40},"end":{"line":44,"column":52}},{"start":{"line":44,"column":56},"end":{"line":44,"column":60}}],"line":44},"6":{"loc":{"start":{"line":44,"column":62},"end":{"line":44,"column":78}},"type":"binary-expr","locations":[{"start":{"line":44,"column":62},"end":{"line":44,"column":70}},{"start":{"line":44,"column":74},"end":{"line":44,"column":78}}],"line":44},"7":{"loc":{"start":{"line":60,"column":4},"end":{"line":65,"column":5}},"type":"if","locations":[{"start":{"line":60,"column":4},"end":{"line":65,"column":5}},{"start":{},"end":{}}],"line":60}},"s":{"0":7,"1":7,"2":7,"3":7,"4":7,"5":7,"6":4,"7":1,"8":3,"9":3,"10":1,"11":2,"12":1,"13":1,"14":7,"15":3,"16":1,"17":2,"18":2,"19":2,"20":2,"21":2,"22":1,"23":1,"24":1,"25":1,"26":10,"27":1,"28":1,"29":1,"30":0,"31":1,"32":1,"33":1,"34":1,"35":0,"36":0,"37":2,"38":7},"f":{"0":4,"1":3,"2":0},"b":{"0":[1,3],"1":[1,2],"2":[1,1],"3":[1,2],"4":[1,1],"5":[10,0],"6":[10,6],"7":[1,0]},"_coverageSchema":"1a1c01bbd47fc00a2c39e90264f33305004495a9","hash":"611a4cc5064c660a993df718527adf4d6897f0ab"}
,"/Users/olinilavanjayaraman/eRefs/eRefs/erefs-app/backend/src/routes/reports.js": {"path":"/Users/olinilavanjayaraman/eRefs/eRefs/erefs-app/backend/src/routes/reports.js","statementMap":{"0":{"start":{"line":1,"column":16},"end":{"line":1,"column":34}},"1":{"start":{"line":2,"column":11},"end":{"line":2,"column":27}},"2":{"start":{"line":3,"column":13},"end":{"line":3,"column":42}},"3":{"start":{"line":5,"column":15},"end":{"line":5,"column":31}},"4":{"start":{"line":8,"column":0},"end":{"line":19,"column":3}},"5":{"start":{"line":9,"column":17},"end":{"line":16,"column":3}},"6":{"start":{"line":17,"column":2},"end":{"line":17,"column":79}},"7":{"start":{"line":17,"column":27},"end":{"line":17,"column":79}},"8":{"start":{"line":18,"column":2},"end":{"line":18,"column":27}},"9":{"start":{"line":22,"column":0},"end":{"line":33,"column":3}},"10":{"start":{"line":23,"column":17},"end":{"line":30,"column":3}},"11":{"start":{"line":31,"column":2},"end":{"line":31,"column":86}},"12":{"start":{"line":31,"column":27},"end":{"line":31,"column":86}},"13":{"start":{"line":32,"column":2},"end":{"line":32,"column":27}},"14":{"start":{"line":35,"column":0},"end":{"line":35,"column":24}}},"fnMap":{"0":{"name":"(anonymous_0)","decl":{"start":{"line":8,"column":25},"end":{"line":8,"column":26}},"loc":{"start":{"line":8,"column":45},"end":{"line":19,"column":1}},"line":8},"1":{"name":"(anonymous_1)","decl":{"start":{"line":22,"column":33},"end":{"line":22,"column":34}},"loc":{"start":{"line":22,"column":53},"end":{"line":33,"column":1}},"line":22}},"branchMap":{"0":{"loc":{"start":{"line":17,"column":2},"end":{"line":17,"column":79}},"type":"if","locations":[{"start":{"line":17,"column":2},"end":{"line":17,"column":79}},{"start":{},"end":{}}],"line":17},"1":{"loc":{"start":{"line":31,"column":2},"end":{"line":31,"column":86}},"type":"if","locations":[{"start":{"line":31,"column":2},"end":{"line":31,"column":86}},{"start":{},"end":{}}],"line":31}},"s":{"0":7,"1":7,"2":7,"3":7,"4":7,"5":2,"6":2,"7":1,"8":1,"9":7,"10":2,"11":2,"12":1,"13":1,"14":7},"f":{"0":2,"1":2},"b":{"0":[1,1],"1":[1,1]},"_coverageSchema":"1a1c01bbd47fc00a2c39e90264f33305004495a9","hash":"80de183a5ce8eba38f6531231746e44c49add43b"}
,"/Users/olinilavanjayaraman/eRefs/eRefs/erefs-app/backend/src/routes/settings.js": {"path":"/Users/olinilavanjayaraman/eRefs/eRefs/erefs-app/backend/src/routes/settings.js","statementMap":{"0":{"start":{"line":1,"column":16},"end":{"line":1,"column":34}},"1":{"start":{"line":2,"column":11},"end":{"line":2,"column":27}},"2":{"start":{"line":3,"column":13},"end":{"line":3,"column":42}},"3":{"start":{"line":5,"column":15},"end":{"line":5,"column":31}},"4":{"start":{"line":8,"column":0},"end":{"line":18,"column":3}},"5":{"start":{"line":9,"column":17},"end":{"line":15,"column":3}},"6":{"start":{"line":16,"column":2},"end":{"line":16,"column":84}},"7":{"start":{"line":16,"column":27},"end":{"line":16,"column":84}},"8":{"start":{"line":17,"column":2},"end":{"line":17,"column":27}},"9":{"start":{"line":21,"column":0},"end":{"line":38,"column":3}},"10":{"start":{"line":22,"column":97},"end":{"line":22,"column":105}},"11":{"start":{"line":23,"column":17},"end":{"line":36,"column":3}},"12":{"start":{"line":37,"column":2},"end":{"line":37,"column":27}},"13":{"start":{"line":40,"column":0},"end":{"line":40,"column":24}}},"fnMap":{"0":{"name":"(anonymous_0)","decl":{"start":{"line":8,"column":22},"end":{"line":8,"column":23}},"loc":{"start":{"line":8,"column":42},"end":{"line":18,"column":1}},"line":8},"1":{"name":"(anonymous_1)","decl":{"start":{"line":21,"column":22},"end":{"line":21,"column":23}},"loc":{"start":{"line":21,"column":42},"end":{"line":38,"column":1}},"line":21}},"branchMap":{"0":{"loc":{"start":{"line":16,"column":2},"end":{"line":16,"column":84}},"type":"if","locations":[{"start":{"line":16,"column":2},"end":{"line":16,"column":84}},{"start":{},"end":{}}],"line":16}},"s":{"0":7,"1":7,"2":7,"3":7,"4":7,"5":2,"6":2,"7":1,"8":1,"9":7,"10":1,"11":1,"12":1,"13":7},"f":{"0":2,"1":1},"b":{"0":[1,1]},"_coverageSchema":"1a1c01bbd47fc00a2c39e90264f33305004495a9","hash":"d81e2ada498adec090af896867125612e7c92f71"}
,"/Users/olinilavanjayaraman/eRefs/eRefs/erefs-app/backend/src/services/email.js": {"path":"/Users/olinilavanjayaraman/eRefs/eRefs/erefs-app/backend/src/services/email.js","statementMap":{"0":{"start":{"line":1,"column":19},"end":{"line":1,"column":36}},"1":{"start":{"line":3,"column":14},"end":{"line":3,"column":97}},"2":{"start":{"line":4,"column":15},"end":{"line":4,"column":68}},"3":{"start":{"line":7,"column":18},"end":{"line":7,"column":69}},"4":{"start":{"line":8,"column":24},"end":{"line":8,"column":72}},"5":{"start":{"line":10,"column":2},"end":{"line":14,"column":3}},"6":{"start":{"line":11,"column":4},"end":{"line":11,"column":84}},"7":{"start":{"line":12,"column":4},"end":{"line":12,"column":48}},"8":{"start":{"line":13,"column":4},"end":{"line":13,"column":11}},"9":{"start":{"line":16,"column":26},"end":{"line":35,"column":4}},"10":{"start":{"line":37,"column":2},"end":{"line":40,"column":3}},"11":{"start":{"line":38,"column":4},"end":{"line":38,"column":48}},"12":{"start":{"line":39,"column":4},"end":{"line":39,"column":35}},"13":{"start":{"line":41,"column":2},"end":{"line":41,"column":61}},"14":{"start":{"line":44,"column":0},"end":{"line":44,"column":40}}},"fnMap":{"0":{"name":"sendReferrerInvite","decl":{"start":{"line":6,"column":15},"end":{"line":6,"column":33}},"loc":{"start":{"line":6,"column":72},"end":{"line":42,"column":1}},"line":6}},"branchMap":{"0":{"loc":{"start":{"line":3,"column":14},"end":{"line":3,"column":97}},"type":"binary-expr","locations":[{"start":{"line":3,"column":14},"end":{"line":3,"column":41}},{"start":{"line":3,"column":45},"end":{"line":3,"column":97}}],"line":3},"1":{"loc":{"start":{"line":4,"column":15},"end":{"line":4,"column":68}},"type":"cond-expr","locations":[{"start":{"line":4,"column":23},"end":{"line":4,"column":27}},{"start":{"line":4,"column":30},"end":{"line":4,"column":68}}],"line":4},"2":{"loc":{"start":{"line":8,"column":24},"end":{"line":8,"column":72}},"type":"binary-expr","locations":[{"start":{"line":8,"column":24},"end":{"line":8,"column":54}},{"start":{"line":8,"column":58},"end":{"line":8,"column":72}}],"line":8},"3":{"loc":{"start":{"line":10,"column":2},"end":{"line":14,"column":3}},"type":"if","locations":[{"start":{"line":10,"column":2},"end":{"line":14,"column":3}},{"start":{},"end":{}}],"line":10},"4":{"loc":{"start":{"line":17,"column":10},"end":{"line":17,"column":59}},"type":"binary-expr","locations":[{"start":{"line":17,"column":10},"end":{"line":17,"column":32}},{"start":{"line":17,"column":36},"end":{"line":17,"column":59}}],"line":17},"5":{"loc":{"start":{"line":25,"column":10},"end":{"line":25,"column":131}},"type":"cond-expr","locations":[{"start":{"line":25,"column":40},"end":{"line":25,"column":126}},{"start":{"line":25,"column":129},"end":{"line":25,"column":131}}],"line":25},"6":{"loc":{"start":{"line":37,"column":2},"end":{"line":40,"column":3}},"type":"if","locations":[{"start":{"line":37,"column":2},"end":{"line":40,"column":3}},{"start":{},"end":{}}],"line":37}},"s":{"0":8,"1":8,"2":8,"3":3,"4":3,"5":3,"6":1,"7":1,"8":1,"9":2,"10":2,"11":1,"12":1,"13":1,"14":8},"f":{"0":3},"b":{"0":[8,7],"1":[1,7],"2":[3,0],"3":[1,2],"4":[2,0],"5":[2,0],"6":[1,1]},"_coverageSchema":"1a1c01bbd47fc00a2c39e90264f33305004495a9","hash":"00c5658da16a24a779fca1a937d19e428c1cfbbc"}
,"/Users/olinilavanjayaraman/eRefs/eRefs/erefs-app/backend/src/services/llm.js": {"path":"/Users/olinilavanjayaraman/eRefs/eRefs/erefs-app/backend/src/services/llm.js","statementMap":{"0":{"start":{"line":1,"column":25},"end":{"line":1,"column":38}},"1":{"start":{"line":2,"column":23},"end":{"line":2,"column":46}},"2":{"start":{"line":3,"column":11},"end":{"line":3,"column":27}},"3":{"start":{"line":5,"column":13},"end":{"line":5,"column":61}},"4":{"start":{"line":6,"column":18},"end":{"line":6,"column":68}},"5":{"start":{"line":8,"column":18},"end":{"line":19,"column":1}},"6":{"start":{"line":22,"column":20},"end":{"line":29,"column":3}},"7":{"start":{"line":31,"column":23},"end":{"line":31,"column":69}},"8":{"start":{"line":32,"column":16},"end":{"line":32,"column":57}},"9":{"start":{"line":33,"column":2},"end":{"line":37,"column":3}},"10":{"start":{"line":34,"column":4},"end":{"line":34,"column":78}},"11":{"start":{"line":35,"column":4},"end":{"line":35,"column":55}},"12":{"start":{"line":35,"column":18},"end":{"line":35,"column":55}},"13":{"start":{"line":36,"column":4},"end":{"line":36,"column":63}},"14":{"start":{"line":36,"column":23},"end":{"line":36,"column":63}},"15":{"start":{"line":39,"column":17},"end":{"line":61,"column":2}},"16":{"start":{"line":63,"column":19},"end":{"line":66,"column":4}},"17":{"start":{"line":68,"column":18},"end":{"line":68,"column":85}},"18":{"start":{"line":69,"column":15},"end":{"line":69,"column":34}},"19":{"start":{"line":71,"column":2},"end":{"line":75,"column":4}},"20":{"start":{"line":77,"column":2},"end":{"line":77,"column":14}},"21":{"start":{"line":80,"column":0},"end":{"line":80,"column":36}}},"fnMap":{"0":{"name":"generateReport","decl":{"start":{"line":21,"column":15},"end":{"line":21,"column":29}},"loc":{"start":{"line":21,"column":42},"end":{"line":78,"column":1}},"line":21}},"branchMap":{"0":{"loc":{"start":{"line":6,"column":18},"end":{"line":6,"column":68}},"type":"binary-expr","locations":[{"start":{"line":6,"column":18},"end":{"line":6,"column":39}},{"start":{"line":6,"column":43},"end":{"line":6,"column":68}}],"line":6},"1":{"loc":{"start":{"line":31,"column":23},"end":{"line":31,"column":69}},"type":"binary-expr","locations":[{"start":{"line":31,"column":23},"end":{"line":31,"column":55}},{"start":{"line":31,"column":59},"end":{"line":31,"column":69}}],"line":31},"2":{"loc":{"start":{"line":35,"column":4},"end":{"line":35,"column":55}},"type":"if","locations":[{"start":{"line":35,"column":4},"end":{"line":35,"column":55}},{"start":{},"end":{}}],"line":35},"3":{"loc":{"start":{"line":36,"column":4},"end":{"line":36,"column":63}},"type":"if","locations":[{"start":{"line":36,"column":4},"end":{"line":36,"column":63}},{"start":{},"end":{}}],"line":36}},"s":{"0":6,"1":6,"2":6,"3":6,"4":6,"5":6,"6":0,"7":0,"8":0,"9":0,"10":0,"11":0,"12":0,"13":0,"14":0,"15":0,"16":0,"17":0,"18":0,"19":0,"20":0,"21":6},"f":{"0":0},"b":{"0":[6,6],"1":[0,0],"2":[0,0],"3":[0,0]},"_coverageSchema":"1a1c01bbd47fc00a2c39e90264f33305004495a9","hash":"bcebd2a11afca91080d33a7c086154aa160e7134"}
,"/Users/olinilavanjayaraman/eRefs/eRefs/erefs-app/backend/tests/helpers.js": {"path":"/Users/olinilavanjayaraman/eRefs/eRefs/erefs-app/backend/tests/helpers.js","statementMap":{"0":{"start":{"line":1,"column":12},"end":{"line":1,"column":35}},"1":{"start":{"line":3,"column":15},"end":{"line":3,"column":58}},"2":{"start":{"line":6,"column":2},"end":{"line":10,"column":4}},"3":{"start":{"line":14,"column":2},"end":{"line":14,"column":94}},"4":{"start":{"line":18,"column":2},"end":{"line":18,"column":46}},"5":{"start":{"line":23,"column":18},"end":{"line":23,"column":19}},"6":{"start":{"line":24,"column":2},"end":{"line":27,"column":4}},"7":{"start":{"line":25,"column":25},"end":{"line":25,"column":85}},"8":{"start":{"line":30,"column":0},"end":{"line":30,"column":73}}},"fnMap":{"0":{"name":"makeToken","decl":{"start":{"line":5,"column":9},"end":{"line":5,"column":18}},"loc":{"start":{"line":5,"column":35},"end":{"line":11,"column":1}},"line":5},"1":{"name":"makeAdminToken","decl":{"start":{"line":13,"column":9},"end":{"line":13,"column":23}},"loc":{"start":{"line":13,"column":26},"end":{"line":15,"column":1}},"line":13},"2":{"name":"authHeader","decl":{"start":{"line":17,"column":9},"end":{"line":17,"column":19}},"loc":{"start":{"line":17,"column":27},"end":{"line":19,"column":1}},"line":17},"3":{"name":"mockDbClient","decl":{"start":{"line":22,"column":9},"end":{"line":22,"column":21}},"loc":{"start":{"line":22,"column":43},"end":{"line":28,"column":1}},"line":22},"4":{"name":"(anonymous_4)","decl":{"start":{"line":25,"column":19},"end":{"line":25,"column":20}},"loc":{"start":{"line":25,"column":25},"end":{"line":25,"column":85}},"line":25}},"branchMap":{"0":{"loc":{"start":{"line":3,"column":15},"end":{"line":3,"column":58}},"type":"binary-expr","locations":[{"start":{"line":3,"column":15},"end":{"line":3,"column":37}},{"start":{"line":3,"column":41},"end":{"line":3,"column":58}}],"line":3},"1":{"loc":{"start":{"line":5,"column":19},"end":{"line":5,"column":33}},"type":"default-arg","locations":[{"start":{"line":5,"column":31},"end":{"line":5,"column":33}}],"line":5},"2":{"loc":{"start":{"line":22,"column":22},"end":{"line":22,"column":41}},"type":"default-arg","locations":[{"start":{"line":22,"column":39},"end":{"line":22,"column":41}}],"line":22},"3":{"loc":{"start":{"line":25,"column":41},"end":{"line":25,"column":84}},"type":"binary-expr","locations":[{"start":{"line":25,"column":41},"end":{"line":25,"column":68}},{"start":{"line":25,"column":72},"end":{"line":25,"column":84}}],"line":25}},"s":{"0":6,"1":6,"2":7,"3":1,"4":28,"5":4,"6":4,"7":25,"8":6},"f":{"0":7,"1":1,"2":28,"3":4,"4":25},"b":{"0":[6,0],"1":[0],"2":[0],"3":[25,0]},"_coverageSchema":"1a1c01bbd47fc00a2c39e90264f33305004495a9","hash":"eab40f8cb0f2360ccafd5fad58ce4aecef5e1245"}
}
