TN:
SF:src/app.js
FN:16,(anonymous_0)
FN:20,(anonymous_1)
FN:21,(anonymous_2)
FN:38,(anonymous_3)
FNF:4
FNH:2
FNDA:7,(anonymous_0)
FNDA:49,(anonymous_1)
FNDA:0,(anonymous_2)
FNDA:0,(anonymous_3)
DA:1,7
DA:2,7
DA:4,7
DA:5,7
DA:6,7
DA:7,7
DA:8,7
DA:9,7
DA:10,7
DA:12,7
DA:14,7
DA:16,7
DA:19,7
DA:21,49
DA:22,49
DA:24,0
DA:28,7
DA:30,7
DA:31,7
DA:32,7
DA:33,7
DA:34,7
DA:35,7
DA:36,7
DA:38,7
DA:40,7
LF:26
LH:25
BRDA:14,0,0,7
BRDA:14,0,1,0
BRDA:21,1,0,49
BRDA:21,1,1,0
BRDA:21,2,0,49
BRDA:21,2,1,0
BRDA:21,3,0,0
BRDA:21,3,1,0
BRF:8
BRH:3
end_of_record
TN:
SF:src/db.js
FNF:0
FNH:0
DA:1,7
DA:3,7
DA:8,7
LF:3
LH:3
BRDA:5,0,0,0
BRDA:5,0,1,7
BRF:2
BRH:1
end_of_record
TN:
SF:src/middleware/auth.js
FN:3,(anonymous_0)
FNF:1
FNH:1
FNDA:34,(anonymous_0)
DA:1,7
DA:3,7
DA:4,34
DA:5,34
DA:6,28
DA:7,28
DA:8,28
DA:10,0
LF:8
LH:7
BRDA:5,0,0,6
BRDA:5,0,1,28
BRF:2
BRH:2
end_of_record
TN:
SF:src/routes/admin.js
FN:7,adminOnly
FN:13,(anonymous_1)
FN:29,(anonymous_2)
FN:45,(anonymous_3)
FN:73,(anonymous_4)
FNF:5
FNH:5
FNDA:5,adminOnly
FNDA:1,(anonymous_1)
FNDA:1,(anonymous_2)
FNDA:1,(anonymous_3)
FNDA:1,(anonymous_4)
DA:1,7
DA:2,7
DA:3,7
DA:5,7
DA:8,5
DA:9,4
DA:13,7
DA:14,1
DA:25,1
DA:29,7
DA:30,1
DA:41,1
DA:45,7
DA:46,1
DA:47,1
DA:48,1
DA:49,1
DA:50,1
DA:55,1
DA:56,1
DA:57,1
DA:62,1
DA:63,1
DA:65,0
DA:66,0
DA:68,1
DA:73,7
DA:74,1
DA:82,1
DA:85,7
LF:30
LH:28
BRDA:8,0,0,1
BRDA:8,0,1,4
BRDA:53,1,0,1
BRDA:53,1,1,0
BRDA:53,2,0,1
BRDA:53,2,1,1
BRDA:53,3,0,1
BRDA:53,3,1,0
BRF:8
BRH:6
end_of_record
TN:
SF:src/routes/auth.js
FN:9,(anonymous_0)
FN:29,(anonymous_1)
FNF:2
FNH:2
FNDA:3,(anonymous_0)
FNDA:3,(anonymous_1)
DA:1,7
DA:2,7
DA:3,7
DA:4,7
DA:6,7
DA:9,7
DA:10,3
DA:11,3
DA:12,2
DA:13,2
DA:14,2
DA:19,1
DA:20,1
DA:21,1
DA:23,1
DA:24,0
DA:29,7
DA:30,3
DA:31,3
DA:32,3
DA:33,3
DA:34,3
DA:35,2
DA:37,1
DA:38,1
DA:40,0
DA:44,7
LF:27
LH:25
BRDA:11,0,0,1
BRDA:11,0,1,2
BRDA:17,1,0,2
BRDA:17,1,1,0
BRDA:17,2,0,2
BRDA:17,2,1,2
BRDA:20,3,0,1
BRDA:20,3,1,1
BRDA:23,4,0,1
BRDA:23,4,1,0
BRDA:34,5,0,2
BRDA:34,5,1,1
BRDA:34,6,0,3
BRDA:34,6,1,2
BRDA:37,7,0,1
BRDA:37,7,1,1
BRDA:38,8,0,1
BRDA:38,8,1,1
BRF:18
BRH:16
end_of_record
TN:
SF:src/routes/employer.js
FN:8,(anonymous_0)
FN:26,(anonymous_1)
FN:38,(anonymous_2)
FN:50,(anonymous_3)
FN:62,(anonymous_4)
FN:72,(anonymous_5)
FNF:6
FNH:4
FNDA:3,(anonymous_0)
FNDA:2,(anonymous_1)
FNDA:2,(anonymous_2)
FNDA:3,(anonymous_3)
FNDA:0,(anonymous_4)
FNDA:0,(anonymous_5)
DA:1,7
DA:2,7
DA:3,7
DA:5,7
DA:8,7
DA:9,3
DA:10,2
DA:11,2
DA:22,2
DA:26,7
DA:27,2
DA:28,2
DA:33,2
DA:34,1
DA:38,7
DA:39,2
DA:40,2
DA:45,2
DA:46,1
DA:50,7
DA:51,3
DA:52,2
DA:57,2
DA:58,1
DA:62,7
DA:63,0
DA:64,0
DA:68,0
DA:72,7
DA:73,0
DA:74,0
DA:75,0
DA:79,0
DA:82,7
LF:34
LH:27
BRDA:9,0,0,1
BRDA:9,0,1,2
BRDA:17,1,0,1
BRDA:17,1,1,1
BRDA:19,2,0,1
BRDA:19,2,1,1
BRDA:27,3,0,0
BRDA:27,3,1,2
BRDA:33,4,0,1
BRDA:33,4,1,1
BRDA:39,5,0,0
BRDA:39,5,1,2
BRDA:45,6,0,1
BRDA:45,6,1,1
BRDA:51,7,0,1
BRDA:51,7,1,2
BRDA:57,8,0,1
BRDA:57,8,1,1
BRDA:63,9,0,0
BRDA:63,9,1,0
BRDA:73,10,0,0
BRDA:73,10,1,0
BRF:22
BRH:16
end_of_record
TN:
SF:src/routes/referrals.js
FN:15,isPersonalEmail
FN:20,checkWorkEmailPolicy
FN:30,(anonymous_2)
FN:32,(anonymous_3)
FN:67,(anonymous_4)
FN:83,(anonymous_5)
FN:99,(anonymous_6)
FNF:7
FNH:7
FNDA:2,isPersonalEmail
FNDA:4,checkWorkEmailPolicy
FNDA:2,(anonymous_2)
FNDA:2,(anonymous_3)
FNDA:1,(anonymous_4)
FNDA:2,(anonymous_5)
FNDA:3,(anonymous_6)
DA:1,7
DA:2,7
DA:3,7
DA:4,7
DA:5,7
DA:7,7
DA:9,7
DA:16,2
DA:17,2
DA:21,4
DA:22,4
DA:23,2
DA:24,2
DA:30,7
DA:31,2
DA:32,2
DA:33,2
DA:34,1
DA:35,1
DA:36,1
DA:38,1
DA:43,1
DA:45,1
DA:46,1
DA:47,1
DA:51,1
DA:52,1
DA:53,1
DA:56,1
DA:57,1
DA:59,0
DA:60,0
DA:62,1
DA:67,7
DA:68,1
DA:79,1
DA:83,7
DA:84,2
DA:94,2
DA:95,1
DA:99,7
DA:100,3
DA:101,3
DA:103,2
DA:107,2
DA:109,2
DA:110,2
DA:112,1
DA:116,1
DA:118,1
DA:119,1
DA:120,1
DA:122,1
DA:125,7
LF:54
LH:52
BRDA:17,0,0,2
BRDA:17,0,1,0
BRDA:22,1,0,2
BRDA:22,1,1,2
BRDA:24,2,0,2
BRDA:24,2,1,0
BRDA:32,3,0,2
BRDA:32,3,1,0
BRDA:33,4,0,1
BRDA:33,4,1,1
BRDA:41,5,0,1
BRDA:41,5,1,0
BRDA:41,6,0,1
BRDA:41,6,1,1
BRDA:41,7,0,1
BRDA:41,7,1,1
BRDA:41,8,0,1
BRDA:41,8,1,0
BRDA:94,9,0,1
BRDA:94,9,1,1
BRDA:101,10,0,1
BRDA:101,10,1,2
BRDA:101,11,0,3
BRDA:101,11,1,3
BRDA:107,12,0,0
BRDA:107,12,1,2
BRDA:110,13,0,1
BRDA:110,13,1,1
BRF:28
BRH:22
end_of_record
TN:
SF:src/routes/referrers.js
FN:10,(anonymous_0)
FN:25,(anonymous_1)
FN:51,(anonymous_2)
FNF:3
FNH:2
FNDA:4,(anonymous_0)
FNDA:3,(anonymous_1)
FNDA:0,(anonymous_2)
DA:1,7
DA:2,7
DA:3,7
DA:5,7
DA:7,7
DA:10,7
DA:11,4
DA:12,3
DA:19,3
DA:20,2
DA:21,1
DA:25,7
DA:26,3
DA:27,2
DA:28,2
DA:29,2
DA:30,2
DA:37,2
DA:38,1
DA:40,1
DA:41,1
DA:42,10
DA:47,1
DA:48,1
DA:51,1
DA:52,0
DA:56,1
DA:60,1
DA:61,1
DA:67,1
DA:69,0
DA:70,0
DA:72,2
DA:76,7
LF:34
LH:31
BRDA:11,0,0,1
BRDA:11,0,1,3
BRDA:19,1,0,1
BRDA:19,1,1,2
BRDA:20,2,0,1
BRDA:20,2,1,1
BRDA:26,3,0,1
BRDA:26,3,1,2
BRDA:37,4,0,1
BRDA:37,4,1,1
BRDA:44,5,0,10
BRDA:44,5,1,0
BRDA:44,6,0,10
BRDA:44,6,1,6
BRDA:60,7,0,1
BRDA:60,7,1,0
BRF:16
BRH:14
end_of_record
TN:
SF:src/routes/reports.js
FN:8,(anonymous_0)
FN:22,(anonymous_1)
FNF:2
FNH:2
FNDA:2,(anonymous_0)
FNDA:2,(anonymous_1)
DA:1,7
DA:2,7
DA:3,7
DA:5,7
DA:8,7
DA:9,2
DA:17,2
DA:18,1
DA:22,7
DA:23,2
DA:31,2
DA:32,1
DA:35,7
LF:13
LH:13
BRDA:17,0,0,1
BRDA:17,0,1,1
BRDA:31,1,0,1
BRDA:31,1,1,1
BRF:4
BRH:4
end_of_record
TN:
SF:src/routes/settings.js
FN:8,(anonymous_0)
FN:21,(anonymous_1)
FNF:2
FNH:2
FNDA:2,(anonymous_0)
FNDA:1,(anonymous_1)
DA:1,7
DA:2,7
DA:3,7
DA:5,7
DA:8,7
DA:9,2
DA:16,2
DA:17,1
DA:21,7
DA:22,1
DA:23,1
DA:37,1
DA:40,7
LF:13
LH:13
BRDA:16,0,0,1
BRDA:16,0,1,1
BRF:2
BRH:2
end_of_record
TN:
SF:src/services/email.js
FN:6,sendReferrerInvite
FNF:1
FNH:1
FNDA:3,sendReferrerInvite
DA:1,8
DA:3,8
DA:4,8
DA:7,3
DA:8,3
DA:10,3
DA:11,1
DA:12,1
DA:13,1
DA:16,2
DA:37,2
DA:38,1
DA:39,1
DA:41,1
DA:44,8
LF:15
LH:15
BRDA:3,0,0,8
BRDA:3,0,1,7
BRDA:4,1,0,1
BRDA:4,1,1,7
BRDA:8,2,0,3
BRDA:8,2,1,0
BRDA:10,3,0,1
BRDA:10,3,1,2
BRDA:17,4,0,2
BRDA:17,4,1,0
BRDA:25,5,0,2
BRDA:25,5,1,0
BRDA:37,6,0,1
BRDA:37,6,1,1
BRF:14
BRH:11
end_of_record
TN:
SF:src/services/llm.js
FN:21,generateReport
FNF:1
FNH:0
FNDA:0,generateReport
DA:1,6
DA:2,6
DA:3,6
DA:5,6
DA:6,6
DA:8,6
DA:22,0
DA:31,0
DA:32,0
DA:33,0
DA:34,0
DA:35,0
DA:36,0
DA:39,0
DA:63,0
DA:68,0
DA:69,0
DA:71,0
DA:77,0
DA:80,6
LF:20
LH:7
BRDA:6,0,0,6
BRDA:6,0,1,6
BRDA:31,1,0,0
BRDA:31,1,1,0
BRDA:35,2,0,0
BRDA:35,2,1,0
BRDA:36,3,0,0
BRDA:36,3,1,0
BRF:8
BRH:2
end_of_record
TN:
SF:tests/helpers.js
FN:5,makeToken
FN:13,makeAdminToken
FN:17,authHeader
FN:22,mockDbClient
FN:25,(anonymous_4)
FNF:5
FNH:5
FNDA:7,makeToken
FNDA:1,makeAdminToken
FNDA:28,authHeader
FNDA:4,mockDbClient
FNDA:25,(anonymous_4)
DA:1,6
DA:3,6
DA:6,7
DA:14,1
DA:18,28
DA:23,4
DA:24,4
DA:25,25
DA:30,6
LF:9
LH:9
BRDA:3,0,0,6
BRDA:3,0,1,0
BRDA:5,1,0,0
BRDA:22,2,0,0
BRDA:25,3,0,25
BRDA:25,3,1,0
BRF:6
BRH:2
end_of_record
